2021-04-14 00:20:28.730  INFO 116 --- [main] tn.esprit.spring.DariTnApplication       : Starting DariTnApplication on DESKTOP-4KHSU7C with PID 116 (C:\Users\Sarra\Documents\workspace-sts-3.8.4.RELEASE\DariTn\target\classes started by Sarra in C:\Users\Sarra\Documents\workspace-sts-3.8.4.RELEASE\DariTn)
2021-04-14 00:20:28.734  INFO 116 --- [main] tn.esprit.spring.DariTnApplication       : No active profile set, falling back to default profiles: default
2021-04-14 00:20:29.579  INFO 116 --- [main] .s.d.r.c.RepositoryConfigurationDelegate : Bootstrapping Spring Data repositories in DEFAULT mode.
2021-04-14 00:20:29.806  INFO 116 --- [main] .s.d.r.c.RepositoryConfigurationDelegate : Finished Spring Data repository scanning in 214ms. Found 1 repository interfaces.
2021-04-14 00:20:30.188  INFO 116 --- [main] trationDelegate$BeanPostProcessorChecker : Bean 'org.springframework.transaction.annotation.ProxyTransactionManagementConfiguration' of type [org.springframework.transaction.annotation.ProxyTransactionManagementConfiguration] is not eligible for getting processed by all BeanPostProcessors (for example: not eligible for auto-proxying)
2021-04-14 00:20:30.484  INFO 116 --- [main] o.s.b.w.embedded.tomcat.TomcatWebServer  : Tomcat initialized with port(s): 8081 (http)
2021-04-14 00:20:30.495  INFO 116 --- [main] o.apache.catalina.core.StandardService   : Starting service [Tomcat]
2021-04-14 00:20:30.495  INFO 116 --- [main] org.apache.catalina.core.StandardEngine  : Starting Servlet engine: [Apache Tomcat/9.0.27]
2021-04-14 00:20:30.638  INFO 116 --- [main] o.a.c.c.C.[.[localhost].[/Dari.tn]       : Initializing Spring embedded WebApplicationContext
2021-04-14 00:20:30.639  INFO 116 --- [main] o.s.web.context.ContextLoader            : Root WebApplicationContext: initialization completed in 1835 ms
2021-04-14 00:20:30.850  INFO 116 --- [main] o.hibernate.jpa.internal.util.LogHelper  : HHH000204: Processing PersistenceUnitInfo [name: default]
2021-04-14 00:20:30.953  INFO 116 --- [main] org.hibernate.Version                    : HHH000412: Hibernate Core {5.4.8.Final}
2021-04-14 00:20:31.134  INFO 116 --- [main] o.hibernate.annotations.common.Version   : HCANN000001: Hibernate Commons Annotations {5.1.0.Final}
2021-04-14 00:20:31.284  INFO 116 --- [main] com.zaxxer.hikari.HikariDataSource       : HikariPool-1 - Starting...
2021-04-14 00:20:31.527  INFO 116 --- [main] com.zaxxer.hikari.HikariDataSource       : HikariPool-1 - Start completed.
2021-04-14 00:20:31.542  INFO 116 --- [main] org.hibernate.dialect.Dialect            : HHH000400: Using dialect: org.hibernate.dialect.MySQL5InnoDBDialect
2021-04-14 00:20:31.780  WARN 116 --- [main] org.hibernate.cfg.AnnotationBinder       : HHH000139: Illegal use of @Table in a subclass of a SINGLE_TABLE hierarchy: tn.esprit.spring.entity.Client
2021-04-14 00:20:31.792  WARN 116 --- [main] org.hibernate.cfg.AnnotationBinder       : HHH000139: Illegal use of @Table in a subclass of a SINGLE_TABLE hierarchy: tn.esprit.spring.entity.Expert_financier
2021-04-14 00:20:51.585  INFO 116 --- [main] o.h.e.t.j.p.i.JtaPlatformInitiator       : HHH000490: Using JtaPlatform implementation: [org.hibernate.engine.transaction.jta.platform.internal.NoJtaPlatform]
2021-04-14 00:20:51.603  INFO 116 --- [main] j.LocalContainerEntityManagerFactoryBean : Initialized JPA EntityManagerFactory for persistence unit 'default'
2021-04-14 00:20:52.522  WARN 116 --- [main] JpaBaseConfiguration$JpaWebConfiguration : spring.jpa.open-in-view is enabled by default. Therefore, database queries may be performed during view rendering. Explicitly configure spring.jpa.open-in-view to disable this warning
2021-04-14 00:20:52.680  INFO 116 --- [main] o.s.s.concurrent.ThreadPoolTaskExecutor  : Initializing ExecutorService 'applicationTaskExecutor'
2021-04-14 00:20:52.930  INFO 116 --- [main] o.s.b.w.embedded.tomcat.TomcatWebServer  : Tomcat started on port(s): 8081 (http) with context path '/Dari.tn'
2021-04-14 00:20:52.933  INFO 116 --- [main] tn.esprit.spring.DariTnApplication       : Started DariTnApplication in 24.82 seconds (JVM running for 25.936)
2021-04-14 00:22:12.032  INFO 116 --- [RMI TCP Connection(2)-127.0.0.1] inMXBeanRegistrar$SpringApplicationAdmin : Application shutdown requested.
2021-04-14 00:22:12.037  INFO 116 --- [RMI TCP Connection(2)-127.0.0.1] o.s.s.concurrent.ThreadPoolTaskExecutor  : Shutting down ExecutorService 'applicationTaskExecutor'
2021-04-14 00:22:12.040  INFO 116 --- [RMI TCP Connection(2)-127.0.0.1] j.LocalContainerEntityManagerFactoryBean : Closing JPA EntityManagerFactory for persistence unit 'default'
2021-04-14 00:22:12.043  INFO 116 --- [RMI TCP Connection(2)-127.0.0.1] com.zaxxer.hikari.HikariDataSource       : HikariPool-1 - Shutdown initiated...
2021-04-14 00:22:12.049  INFO 116 --- [RMI TCP Connection(2)-127.0.0.1] com.zaxxer.hikari.HikariDataSource       : HikariPool-1 - Shutdown completed.
2021-04-14 00:22:21.375  INFO 6488 --- [main] tn.esprit.spring.DariTnApplication       : Starting DariTnApplication on DESKTOP-4KHSU7C with PID 6488 (C:\Users\Sarra\Documents\workspace-sts-3.8.4.RELEASE\DariTn\target\classes started by Sarra in C:\Users\Sarra\Documents\workspace-sts-3.8.4.RELEASE\DariTn)
2021-04-14 00:22:21.382  INFO 6488 --- [main] tn.esprit.spring.DariTnApplication       : No active profile set, falling back to default profiles: default
2021-04-14 00:22:22.385  INFO 6488 --- [main] .s.d.r.c.RepositoryConfigurationDelegate : Bootstrapping Spring Data repositories in DEFAULT mode.
2021-04-14 00:22:22.479  INFO 6488 --- [main] .s.d.r.c.RepositoryConfigurationDelegate : Finished Spring Data repository scanning in 77ms. Found 1 repository interfaces.
2021-04-14 00:22:22.881  INFO 6488 --- [main] trationDelegate$BeanPostProcessorChecker : Bean 'org.springframework.transaction.annotation.ProxyTransactionManagementConfiguration' of type [org.springframework.transaction.annotation.ProxyTransactionManagementConfiguration] is not eligible for getting processed by all BeanPostProcessors (for example: not eligible for auto-proxying)
2021-04-14 00:22:23.204  INFO 6488 --- [main] o.s.b.w.embedded.tomcat.TomcatWebServer  : Tomcat initialized with port(s): 8081 (http)
2021-04-14 00:22:23.215  INFO 6488 --- [main] o.apache.catalina.core.StandardService   : Starting service [Tomcat]
2021-04-14 00:22:23.215  INFO 6488 --- [main] org.apache.catalina.core.StandardEngine  : Starting Servlet engine: [Apache Tomcat/9.0.27]
2021-04-14 00:22:23.388  INFO 6488 --- [main] o.a.c.c.C.[.[localhost].[/DariTn]        : Initializing Spring embedded WebApplicationContext
2021-04-14 00:22:23.389  INFO 6488 --- [main] o.s.web.context.ContextLoader            : Root WebApplicationContext: initialization completed in 1929 ms
2021-04-14 00:22:23.605  INFO 6488 --- [main] o.hibernate.jpa.internal.util.LogHelper  : HHH000204: Processing PersistenceUnitInfo [name: default]
2021-04-14 00:22:23.696  INFO 6488 --- [main] org.hibernate.Version                    : HHH000412: Hibernate Core {5.4.8.Final}
2021-04-14 00:22:23.867  INFO 6488 --- [main] o.hibernate.annotations.common.Version   : HCANN000001: Hibernate Commons Annotations {5.1.0.Final}
2021-04-14 00:22:24.019  INFO 6488 --- [main] com.zaxxer.hikari.HikariDataSource       : HikariPool-1 - Starting...
2021-04-14 00:22:24.259  INFO 6488 --- [main] com.zaxxer.hikari.HikariDataSource       : HikariPool-1 - Start completed.
2021-04-14 00:22:24.273  INFO 6488 --- [main] org.hibernate.dialect.Dialect            : HHH000400: Using dialect: org.hibernate.dialect.MySQL5InnoDBDialect
2021-04-14 00:22:24.518  WARN 6488 --- [main] org.hibernate.cfg.AnnotationBinder       : HHH000139: Illegal use of @Table in a subclass of a SINGLE_TABLE hierarchy: tn.esprit.spring.entity.Client
2021-04-14 00:22:24.531  WARN 6488 --- [main] org.hibernate.cfg.AnnotationBinder       : HHH000139: Illegal use of @Table in a subclass of a SINGLE_TABLE hierarchy: tn.esprit.spring.entity.Expert_financier
2021-04-14 00:22:25.621  INFO 6488 --- [main] o.h.e.t.j.p.i.JtaPlatformInitiator       : HHH000490: Using JtaPlatform implementation: [org.hibernate.engine.transaction.jta.platform.internal.NoJtaPlatform]
2021-04-14 00:22:25.631  INFO 6488 --- [main] j.LocalContainerEntityManagerFactoryBean : Initialized JPA EntityManagerFactory for persistence unit 'default'
2021-04-14 00:22:26.054  WARN 6488 --- [main] JpaBaseConfiguration$JpaWebConfiguration : spring.jpa.open-in-view is enabled by default. Therefore, database queries may be performed during view rendering. Explicitly configure spring.jpa.open-in-view to disable this warning
2021-04-14 00:22:26.246  INFO 6488 --- [main] o.s.s.concurrent.ThreadPoolTaskExecutor  : Initializing ExecutorService 'applicationTaskExecutor'
2021-04-14 00:22:26.516  INFO 6488 --- [main] o.s.b.w.embedded.tomcat.TomcatWebServer  : Tomcat started on port(s): 8081 (http) with context path '/DariTn'
2021-04-14 00:22:26.519  INFO 6488 --- [main] tn.esprit.spring.DariTnApplication       : Started DariTnApplication in 5.718 seconds (JVM running for 6.858)
2021-04-14 00:22:53.286  INFO 6488 --- [http-nio-8081-exec-2] o.a.c.c.C.[.[localhost].[/DariTn]        : Initializing Spring DispatcherServlet 'dispatcherServlet'
2021-04-14 00:22:53.287  INFO 6488 --- [http-nio-8081-exec-2] o.s.web.servlet.DispatcherServlet        : Initializing Servlet 'dispatcherServlet'
2021-04-14 00:22:53.296  INFO 6488 --- [http-nio-8081-exec-2] o.s.web.servlet.DispatcherServlet        : Completed initialization in 9 ms
2021-04-14 00:44:24.992  INFO 6488 --- [RMI TCP Connection(2)-127.0.0.1] inMXBeanRegistrar$SpringApplicationAdmin : Application shutdown requested.
2021-04-14 00:44:24.994  INFO 6488 --- [RMI TCP Connection(2)-127.0.0.1] o.s.s.concurrent.ThreadPoolTaskExecutor  : Shutting down ExecutorService 'applicationTaskExecutor'
2021-04-14 00:44:24.995  INFO 6488 --- [RMI TCP Connection(2)-127.0.0.1] j.LocalContainerEntityManagerFactoryBean : Closing JPA EntityManagerFactory for persistence unit 'default'
2021-04-14 00:44:24.999  INFO 6488 --- [RMI TCP Connection(2)-127.0.0.1] com.zaxxer.hikari.HikariDataSource       : HikariPool-1 - Shutdown initiated...
2021-04-14 00:44:25.004  INFO 6488 --- [RMI TCP Connection(2)-127.0.0.1] com.zaxxer.hikari.HikariDataSource       : HikariPool-1 - Shutdown completed.
2021-04-14 00:44:30.571  INFO 3340 --- [main] tn.esprit.spring.DariTnApplication       : Starting DariTnApplication on DESKTOP-4KHSU7C with PID 3340 (C:\Users\Sarra\Documents\workspace-sts-3.8.4.RELEASE\DariTn\target\classes started by Sarra in C:\Users\Sarra\Documents\workspace-sts-3.8.4.RELEASE\DariTn)
2021-04-14 00:44:30.574  INFO 3340 --- [main] tn.esprit.spring.DariTnApplication       : No active profile set, falling back to default profiles: default
2021-04-14 00:44:31.488  INFO 3340 --- [main] .s.d.r.c.RepositoryConfigurationDelegate : Bootstrapping Spring Data repositories in DEFAULT mode.
2021-04-14 00:44:31.624  INFO 3340 --- [main] .s.d.r.c.RepositoryConfigurationDelegate : Finished Spring Data repository scanning in 121ms. Found 1 repository interfaces.
2021-04-14 00:44:31.958  INFO 3340 --- [main] trationDelegate$BeanPostProcessorChecker : Bean 'org.springframework.transaction.annotation.ProxyTransactionManagementConfiguration' of type [org.springframework.transaction.annotation.ProxyTransactionManagementConfiguration] is not eligible for getting processed by all BeanPostProcessors (for example: not eligible for auto-proxying)
2021-04-14 00:44:32.279  INFO 3340 --- [main] o.s.b.w.embedded.tomcat.TomcatWebServer  : Tomcat initialized with port(s): 8081 (http)
2021-04-14 00:44:32.290  INFO 3340 --- [main] o.apache.catalina.core.StandardService   : Starting service [Tomcat]
2021-04-14 00:44:32.290  INFO 3340 --- [main] org.apache.catalina.core.StandardEngine  : Starting Servlet engine: [Apache Tomcat/9.0.27]
2021-04-14 00:44:32.476  INFO 3340 --- [main] o.a.c.c.C.[.[localhost].[/DariTn]        : Initializing Spring embedded WebApplicationContext
2021-04-14 00:44:32.476  INFO 3340 --- [main] o.s.web.context.ContextLoader            : Root WebApplicationContext: initialization completed in 1821 ms
2021-04-14 00:44:32.674  INFO 3340 --- [main] o.hibernate.jpa.internal.util.LogHelper  : HHH000204: Processing PersistenceUnitInfo [name: default]
2021-04-14 00:44:32.754  INFO 3340 --- [main] org.hibernate.Version                    : HHH000412: Hibernate Core {5.4.8.Final}
2021-04-14 00:44:32.909  INFO 3340 --- [main] o.hibernate.annotations.common.Version   : HCANN000001: Hibernate Commons Annotations {5.1.0.Final}
2021-04-14 00:44:33.063  INFO 3340 --- [main] com.zaxxer.hikari.HikariDataSource       : HikariPool-1 - Starting...
2021-04-14 00:44:33.293  INFO 3340 --- [main] com.zaxxer.hikari.HikariDataSource       : HikariPool-1 - Start completed.
2021-04-14 00:44:33.305  INFO 3340 --- [main] org.hibernate.dialect.Dialect            : HHH000400: Using dialect: org.hibernate.dialect.MySQL5InnoDBDialect
2021-04-14 00:44:33.543  WARN 3340 --- [main] org.hibernate.cfg.AnnotationBinder       : HHH000139: Illegal use of @Table in a subclass of a SINGLE_TABLE hierarchy: tn.esprit.spring.entity.Client
2021-04-14 00:44:33.562  WARN 3340 --- [main] org.hibernate.cfg.AnnotationBinder       : HHH000139: Illegal use of @Table in a subclass of a SINGLE_TABLE hierarchy: tn.esprit.spring.entity.Expert_financier
2021-04-14 00:44:34.560  INFO 3340 --- [main] o.h.e.t.j.p.i.JtaPlatformInitiator       : HHH000490: Using JtaPlatform implementation: [org.hibernate.engine.transaction.jta.platform.internal.NoJtaPlatform]
2021-04-14 00:44:34.569  INFO 3340 --- [main] j.LocalContainerEntityManagerFactoryBean : Initialized JPA EntityManagerFactory for persistence unit 'default'
2021-04-14 00:44:34.984  WARN 3340 --- [main] JpaBaseConfiguration$JpaWebConfiguration : spring.jpa.open-in-view is enabled by default. Therefore, database queries may be performed during view rendering. Explicitly configure spring.jpa.open-in-view to disable this warning
2021-04-14 00:44:35.161  INFO 3340 --- [main] o.s.s.concurrent.ThreadPoolTaskExecutor  : Initializing ExecutorService 'applicationTaskExecutor'
2021-04-14 00:44:35.420  INFO 3340 --- [main] o.s.b.w.embedded.tomcat.TomcatWebServer  : Tomcat started on port(s): 8081 (http) with context path '/DariTn'
2021-04-14 00:44:35.423  INFO 3340 --- [main] tn.esprit.spring.DariTnApplication       : Started DariTnApplication in 5.408 seconds (JVM running for 6.651)
2021-04-14 00:45:04.809  INFO 3340 --- [http-nio-8081-exec-1] o.a.c.c.C.[.[localhost].[/DariTn]        : Initializing Spring DispatcherServlet 'dispatcherServlet'
2021-04-14 00:45:04.809  INFO 3340 --- [http-nio-8081-exec-1] o.s.web.servlet.DispatcherServlet        : Initializing Servlet 'dispatcherServlet'
2021-04-14 00:45:04.818  INFO 3340 --- [http-nio-8081-exec-1] o.s.web.servlet.DispatcherServlet        : Completed initialization in 8 ms
2021-04-14 00:47:46.083  WARN 3340 --- [http-nio-8081-exec-6] .w.s.m.s.DefaultHandlerExceptionResolver : Resolved [org.springframework.web.bind.MissingPathVariableException: Missing URI template variable 'prod-id' for method parameter of type String]
2021-04-14 00:48:15.889  INFO 3340 --- [RMI TCP Connection(2)-127.0.0.1] inMXBeanRegistrar$SpringApplicationAdmin : Application shutdown requested.
2021-04-14 00:48:15.892  INFO 3340 --- [RMI TCP Connection(2)-127.0.0.1] o.s.s.concurrent.ThreadPoolTaskExecutor  : Shutting down ExecutorService 'applicationTaskExecutor'
2021-04-14 00:48:15.893  INFO 3340 --- [RMI TCP Connection(2)-127.0.0.1] j.LocalContainerEntityManagerFactoryBean : Closing JPA EntityManagerFactory for persistence unit 'default'
2021-04-14 00:48:15.895  INFO 3340 --- [RMI TCP Connection(2)-127.0.0.1] com.zaxxer.hikari.HikariDataSource       : HikariPool-1 - Shutdown initiated...
2021-04-14 00:48:15.901  INFO 3340 --- [RMI TCP Connection(2)-127.0.0.1] com.zaxxer.hikari.HikariDataSource       : HikariPool-1 - Shutdown completed.
2021-04-14 00:48:21.973  INFO 12452 --- [main] tn.esprit.spring.DariTnApplication       : Starting DariTnApplication on DESKTOP-4KHSU7C with PID 12452 (C:\Users\Sarra\Documents\workspace-sts-3.8.4.RELEASE\DariTn\target\classes started by Sarra in C:\Users\Sarra\Documents\workspace-sts-3.8.4.RELEASE\DariTn)
2021-04-14 00:48:21.976  INFO 12452 --- [main] tn.esprit.spring.DariTnApplication       : No active profile set, falling back to default profiles: default
2021-04-14 00:48:22.813  INFO 12452 --- [main] .s.d.r.c.RepositoryConfigurationDelegate : Bootstrapping Spring Data repositories in DEFAULT mode.
2021-04-14 00:48:22.898  INFO 12452 --- [main] .s.d.r.c.RepositoryConfigurationDelegate : Finished Spring Data repository scanning in 75ms. Found 1 repository interfaces.
2021-04-14 00:48:23.259  INFO 12452 --- [main] trationDelegate$BeanPostProcessorChecker : Bean 'org.springframework.transaction.annotation.ProxyTransactionManagementConfiguration' of type [org.springframework.transaction.annotation.ProxyTransactionManagementConfiguration] is not eligible for getting processed by all BeanPostProcessors (for example: not eligible for auto-proxying)
2021-04-14 00:48:23.534  INFO 12452 --- [main] o.s.b.w.embedded.tomcat.TomcatWebServer  : Tomcat initialized with port(s): 8081 (http)
2021-04-14 00:48:23.544  INFO 12452 --- [main] o.apache.catalina.core.StandardService   : Starting service [Tomcat]
2021-04-14 00:48:23.545  INFO 12452 --- [main] org.apache.catalina.core.StandardEngine  : Starting Servlet engine: [Apache Tomcat/9.0.27]
2021-04-14 00:48:23.755  INFO 12452 --- [main] o.a.c.c.C.[.[localhost].[/DariTn]        : Initializing Spring embedded WebApplicationContext
2021-04-14 00:48:23.756  INFO 12452 --- [main] o.s.web.context.ContextLoader            : Root WebApplicationContext: initialization completed in 1703 ms
2021-04-14 00:48:23.952  INFO 12452 --- [main] o.hibernate.jpa.internal.util.LogHelper  : HHH000204: Processing PersistenceUnitInfo [name: default]
2021-04-14 00:48:24.044  INFO 12452 --- [main] org.hibernate.Version                    : HHH000412: Hibernate Core {5.4.8.Final}
2021-04-14 00:48:24.200  INFO 12452 --- [main] o.hibernate.annotations.common.Version   : HCANN000001: Hibernate Commons Annotations {5.1.0.Final}
2021-04-14 00:48:24.334  INFO 12452 --- [main] com.zaxxer.hikari.HikariDataSource       : HikariPool-1 - Starting...
2021-04-14 00:48:24.559  INFO 12452 --- [main] com.zaxxer.hikari.HikariDataSource       : HikariPool-1 - Start completed.
2021-04-14 00:48:24.573  INFO 12452 --- [main] org.hibernate.dialect.Dialect            : HHH000400: Using dialect: org.hibernate.dialect.MySQL5InnoDBDialect
2021-04-14 00:48:24.807  WARN 12452 --- [main] org.hibernate.cfg.AnnotationBinder       : HHH000139: Illegal use of @Table in a subclass of a SINGLE_TABLE hierarchy: tn.esprit.spring.entity.Client
2021-04-14 00:48:24.823  WARN 12452 --- [main] org.hibernate.cfg.AnnotationBinder       : HHH000139: Illegal use of @Table in a subclass of a SINGLE_TABLE hierarchy: tn.esprit.spring.entity.Expert_financier
2021-04-14 00:48:25.818  INFO 12452 --- [main] o.h.e.t.j.p.i.JtaPlatformInitiator       : HHH000490: Using JtaPlatform implementation: [org.hibernate.engine.transaction.jta.platform.internal.NoJtaPlatform]
2021-04-14 00:48:25.827  INFO 12452 --- [main] j.LocalContainerEntityManagerFactoryBean : Initialized JPA EntityManagerFactory for persistence unit 'default'
2021-04-14 00:48:26.230  WARN 12452 --- [main] JpaBaseConfiguration$JpaWebConfiguration : spring.jpa.open-in-view is enabled by default. Therefore, database queries may be performed during view rendering. Explicitly configure spring.jpa.open-in-view to disable this warning
2021-04-14 00:48:26.380  INFO 12452 --- [main] o.s.s.concurrent.ThreadPoolTaskExecutor  : Initializing ExecutorService 'applicationTaskExecutor'
2021-04-14 00:48:26.622  INFO 12452 --- [main] o.s.b.w.embedded.tomcat.TomcatWebServer  : Tomcat started on port(s): 8081 (http) with context path '/DariTn'
2021-04-14 00:48:26.626  INFO 12452 --- [main] tn.esprit.spring.DariTnApplication       : Started DariTnApplication in 5.179 seconds (JVM running for 6.349)
2021-04-14 00:48:33.231  INFO 12452 --- [http-nio-8081-exec-1] o.a.c.c.C.[.[localhost].[/DariTn]        : Initializing Spring DispatcherServlet 'dispatcherServlet'
2021-04-14 00:48:33.231  INFO 12452 --- [http-nio-8081-exec-1] o.s.web.servlet.DispatcherServlet        : Initializing Servlet 'dispatcherServlet'
2021-04-14 00:48:33.239  INFO 12452 --- [http-nio-8081-exec-1] o.s.web.servlet.DispatcherServlet        : Completed initialization in 8 ms
